2024/05/07 20:18:24 Request:
2024/05/07 20:18:24 req.Id = 1999
2024/05/07 20:18:24 req.Level = 0
2024/05/07 20:18:24 req.Language = ru
2024/05/07 20:18:24 req.Act = registration
2024/05/07 20:18:24 req.Req = StaASD:L<A>SM<D>ASD<>Mrt
2024/05/07 20:18:24 
2024/05/07 20:18:24 Response:
2024/05/07 20:18:24 res.Message = Добро пожаловать в нашего бота! Этот бот может пригодиться вам, если вы приобрели его первую часть и вам требуется административная часть. Если это ваш случай, то нажмите на кнопку снизу
2024/05/07 20:18:24 res.Keyboard = {"inline_keyboard":[[{"text":"Зарегистрироваться","callback_data":"GoReg","url":""}]]}
2024/05/07 20:18:24 res.ChatId = 1999
2024/05/07 20:18:24 res.level = 1
2024/05/07 20:18:24 res.Act = registration
2024/05/07 20:18:24 
2024/05/07 20:18:24 Request:
2024/05/07 20:18:24 req.Id = 1999
2024/05/07 20:18:24 req.Level = 0
2024/05/07 20:18:24 req.Language = ru
2024/05/07 20:18:24 req.Act = registration
2024/05/07 20:18:24 req.Req = 1231254123oi0p1234890190
2024/05/07 20:18:24 
2024/05/07 20:18:24 Response:
2024/05/07 20:18:24 res.Message = Добро пожаловать в нашего бота! Этот бот может пригодиться вам, если вы приобрели его первую часть и вам требуется административная часть. Если это ваш случай, то нажмите на кнопку снизу
2024/05/07 20:18:24 res.Keyboard = {"inline_keyboard":[[{"text":"Зарегистрироваться","callback_data":"GoReg","url":""}]]}
2024/05/07 20:18:24 res.ChatId = 1999
2024/05/07 20:18:24 res.level = 1
2024/05/07 20:18:24 res.Act = registration
2024/05/07 20:18:24 
2024/05/07 20:18:24 Request:
2024/05/07 20:18:24 req.Id = 1999
2024/05/07 20:18:24 req.Level = 0
2024/05/07 20:18:24 req.Language = ru
2024/05/07 20:18:24 req.Act = registration
2024/05/07 20:18:24 req.Req = PRIVET VSEM
2024/05/07 20:18:24 
2024/05/07 20:18:24 Response:
2024/05/07 20:18:24 res.Message = Добро пожаловать в нашего бота! Этот бот может пригодиться вам, если вы приобрели его первую часть и вам требуется административная часть. Если это ваш случай, то нажмите на кнопку снизу
2024/05/07 20:18:24 res.Keyboard = {"inline_keyboard":[[{"text":"Зарегистрироваться","callback_data":"GoReg","url":""}]]}
2024/05/07 20:18:24 res.ChatId = 1999
2024/05/07 20:18:24 res.level = 1
2024/05/07 20:18:24 res.Act = registration
2024/05/07 20:18:24 
2024/05/07 20:18:24 WelcomeTest 0 has been complete
2024/05/07 20:18:24 Request:
2024/05/07 20:18:24 req.Id = 1999
2024/05/07 20:18:24 req.Level = 1
2024/05/07 20:18:24 req.Language = ru
2024/05/07 20:18:24 req.Act = registration
2024/05/07 20:18:24 req.Req = HELLLSDOP
2024/05/07 20:18:24 
2024/05/07 20:18:24 Request:
2024/05/07 20:18:24 req.Id = 1999
2024/05/07 20:18:24 req.Level = 1
2024/05/07 20:18:24 req.Language = ru
2024/05/07 20:18:24 req.Act = registration
2024/05/07 20:18:24 req.Req = KLAJDJKLASKJLDJKLASDKL
2024/05/07 20:18:24 
2024/05/07 20:18:24 Request:
2024/05/07 20:18:24 req.Id = 1999
2024/05/07 20:18:24 req.Level = 1
2024/05/07 20:18:24 req.Language = ru
2024/05/07 20:18:24 req.Act = registration
2024/05/07 20:18:24 req.Req = GoReg
2024/05/07 20:18:24 
2024/05/07 20:18:24 Response:
2024/05/07 20:18:24 res.Message = Вот пара рекомендаций для того, как пользоваться этим ботом:
	
	1. <b>Игры</b>         
			-Тут вы сможете сделать все что угодно с вашими играми (создание, настройка, удаление и тд.)
	2. <b>Клиенты</b>         
			-Тут вы сможете сделать все со своими клиентами (создать, поменять, удалить)
	3. <b>Активность</b>
	        -Тут вы сможете сделать своеобразную игру для чата ваших клиентов 
			 (суть игры в том, что ваши клиенты должны будут наперегонки регистрироваться на игру). 
			 А так же тут вы сможете посмотреть куда и кто записался, а так же найти контакты нужного вам человека
	4. <b>Деньги</b>
	        -Здесь вы сможете посмотреть кто вам должен за игры, от кого ожидается оплата, а кто уже оплатил. 
			 Так же именно тут вы сможете увидеть небольшую статистику по всей финансовым оборотам в боте
	5. <b>Настройки</b>          
			-Тут вы сможете изменить настрйоки бота. Например язык
2024/05/07 20:18:24 res.Keyboard = {"inline_keyboard":[[{"text":"Начнем же!","callback_data":"Start","url":""}]]}
2024/05/07 20:18:24 res.ChatId = 1999
2024/05/07 20:18:24 res.level = 2
2024/05/07 20:18:24 res.Act = registration
2024/05/07 20:18:24 
2024/05/07 20:18:24 WelcomeTest 1 has been complete
2024/05/07 20:18:24 Request:
2024/05/07 20:18:24 req.Id = 1999
2024/05/07 20:18:24 req.Level = 2
2024/05/07 20:18:24 req.Language = ru
2024/05/07 20:18:24 req.Act = registration
2024/05/07 20:18:24 req.Req = ((((((((Start))))))))
2024/05/07 20:18:24 
2024/05/07 20:18:24 Request:
2024/05/07 20:18:24 req.Id = 1999
2024/05/07 20:18:24 req.Level = 2
2024/05/07 20:18:24 req.Language = ru
2024/05/07 20:18:24 req.Act = registration
2024/05/07 20:18:24 req.Req = ||||||||||||||||||||||||||DDMJDJNMSMD
2024/05/07 20:18:24 
2024/05/07 20:18:24 Request:
2024/05/07 20:18:24 req.Id = 1999
2024/05/07 20:18:24 req.Level = 2
2024/05/07 20:18:24 req.Language = ru
2024/05/07 20:18:24 req.Act = registration
2024/05/07 20:18:24 req.Req = Start
2024/05/07 20:18:24 
2024/05/07 20:18:24 Response:
2024/05/07 20:18:24 res.Message = Главное Меню
2024/05/07 20:18:24 res.Keyboard = {"inline_keyboard":[[{"text":"Игры","callback_data":"Games","url":""}],[{"text":"Клиенты","callback_data":"Clients","url":""}],[{"text":"Активность","callback_data":"Activity","url":""}],[{"text":"Деньги","callback_data":"Finances","url":""}],[{"text":"Настройки","callback_data":"Settings","url":""}]]}
2024/05/07 20:18:24 res.ChatId = 1999
2024/05/07 20:18:24 res.level = 3
2024/05/07 20:18:24 res.Act = divarication
2024/05/07 20:18:24 
2024/05/07 20:18:24 WelcomeTest 2 has been complete
